2025-12-04T14:52:22+01:00 - Showing lookup failed: {"movieTitle":"Wicked","actualDate":"2025-12-04","time24":"10:00:00"}
2025-12-04T15:03:44+01:00 - Showing lookup failed: {"movieTitle":"beautifulboy","actualDate":"2025-12-04","time24":"11:00:00"}
2025-12-04T15:06:09+01:00 - Showing lookup failed: {"movieTitle":"Wicked","actualDate":"2025-12-04","time24":"10:00:00"}
2025-12-04T15:06:11+01:00 - Showing lookup failed: {"movieTitle":"Wicked","actualDate":"2025-12-04","time24":"10:00:00"}
2025-12-04T15:06:26+01:00 - Showing lookup failed: {"movieTitle":"lalaland","actualDate":"2025-12-04","time24":"15:00:00"}
2025-12-04T15:06:36+01:00 - Showing lookup failed: {"movieTitle":"Wicked","actualDate":"2025-12-04","time24":"20:45:00"}
2025-12-04T15:07:05+01:00 - Showing lookup failed: {"movieTitle":"lalaland","actualDate":"2025-12-04","time24":"12:00:00"}
2025-12-04T15:10:37+01:00 - Showing lookup failed: {"movieTitle":"Wicked","actualDate":"2025-12-04","time24":"10:00:00"}
2025-12-04T15:12:13+01:00 - Showing lookup failed: {"movieTitle":"beautifulboy","actualDate":"2025-12-04","time24":"11:00:00"}
2025-12-04T15:12:51+01:00 - Movie: 'beautifulboy' | Date: '2025-12-04' | Time input: '11:00AM' | Time24: '11:00:00'
2025-12-04T15:12:51+01:00 - Showing lookup failed: {"movieTitle":"beautifulboy","actualDate":"2025-12-04","time24":"11:00:00"}
2025-12-04T15:13:07+01:00 - Movie: 'beautifulboy' | Date: '2025-12-04' | Time input: '11:00AM' | Time24: '11:00:00'
2025-12-04T15:13:07+01:00 - Showing lookup failed: {"movieTitle":"beautifulboy","actualDate":"2025-12-04","time24":"11:00:00"}
2025-12-04T15:13:12+01:00 - Movie: 'beautifulboy' | Date: '2025-12-04' | Time input: '11:00AM' | Time24: '11:00:00'
2025-12-04T15:13:12+01:00 - Showing lookup failed: {"movieTitle":"beautifulboy","actualDate":"2025-12-04","time24":"11:00:00"}
2025-12-04T15:13:22+01:00 - Movie: 'beautifulboy' | Date: '2025-12-05' | Time input: '9:45PM' | Time24: '21:45:00'
2025-12-04T15:13:22+01:00 - Showing lookup failed: {"movieTitle":"beautifulboy","actualDate":"2025-12-05","time24":"21:45:00"}
2025-12-04T15:13:32+01:00 - Movie: 'Wicked' | Date: '2025-12-04' | Time input: '2:00PM' | Time24: '14:00:00'
2025-12-04T15:13:45+01:00 - Movie: 'beautifulboy' | Date: '2025-12-04' | Time input: '11:00AM' | Time24: '11:00:00'
2025-12-04T15:13:45+01:00 - Showing lookup failed: {"movieTitle":"beautifulboy","actualDate":"2025-12-04","time24":"11:00:00"}
2025-12-04T15:16:58+01:00 - Movie: 'beautifulboy' | Date: '2025-12-04' | Time input: '11:00AM' | Time24: '11:00:00'
2025-12-04T15:16:58+01:00 - Showing lookup failed: {"movieTitle":"beautifulboy","actualDate":"2025-12-04","time24":"11:00:00"}
2025-12-04T15:18:34+01:00 - Movie: 'Wicked' | Date: '2025-12-04' | Time input: '10:00AM' | Time24: '10:00:00'
2025-12-04T15:18:34+01:00 - Showing lookup failed: {"movieTitle":"Wicked","actualDate":"2025-12-04","time24":"10:00:00"}
2025-12-04T15:18:43+01:00 - Movie: 'lalaland' | Date: '2025-12-04' | Time input: '12:00PM' | Time24: '12:00:00'
2025-12-04T15:18:43+01:00 - Showing lookup failed: {"movieTitle":"lalaland","actualDate":"2025-12-04","time24":"12:00:00"}
2025-12-04T15:20:58+01:00 - Movie resolution: Initial: 'beautifulboy' | Trying slug normalization... (norm='beautifulboy') [cand='icked'] [cand='eautifuloy'] [cand='aaand'] [cand='vengersndgame'] | Trying LIKE... | Final: 'beautifulboy' | Date: '2025-12-04' | Time input: '11:00AM' | Time24: '11:00:00'
2025-12-04T15:20:58+01:00 - Showing lookup failed: {"movieTitle":"beautifulboy","actualDate":"2025-12-04","time24":"11:00:00"}
2025-12-04T15:22:04+01:00 - Movie param: 'beautifulboy' -> resolved to: 'beautifulboy' | Date: '2025-12-04' | Time input: '11:00AM' | Time24: '11:00:00'
2025-12-04T15:22:04+01:00 - Showing lookup failed: {"movieTitle":"beautifulboy","actualDate":"2025-12-04","time24":"11:00:00"}
2025-12-04T15:24:23+01:00 - Movie param: 'Beautiful Boy' -> resolved to: 'Beautiful Boy' | Date: '2025-12-04' | Time input: '11:00AM' | Time24: '11:00:00'
2025-12-04T15:24:33+01:00 - Movie param: 'Wicked' -> resolved to: 'Wicked' | Date: '2025-12-04' | Time input: '10:00AM' | Time24: '10:00:00'
2025-12-04T15:24:33+01:00 - Showing lookup failed: {"movieTitle":"Wicked","actualDate":"2025-12-04","time24":"10:00:00"}
2025-12-04T15:25:16+01:00 - Movie param: 'La La Land' -> resolved to: 'La La Land' | Date: '2025-12-04' | Time input: '12:00PM' | Time24: '12:00:00'
2025-12-04T15:26:52+01:00 - Movie param: 'Wicked' -> resolved to: 'Wicked' | Date: '2025-12-04' | Time input: '10:00AM' | Time24: '10:00:00'
2025-12-04T15:26:52+01:00 - Showing lookup failed: {"movieTitle":"Wicked","actualDate":"2025-12-04","time24":"10:00:00"}
2025-12-04T15:26:58+01:00 - Movie param: 'Wicked' -> resolved to: 'Wicked' | Date: '2025-12-04' | Time input: '10:30AM' | Time24: '10:30:00'
2025-12-04T15:27:05+01:00 - Movie param: 'Beautiful Boy' -> resolved to: 'Beautiful Boy' | Date: '2025-12-04' | Time input: '8:45PM' | Time24: '20:45:00'
2025-12-04T15:27:11+01:00 - Movie param: 'La La Land' -> resolved to: 'La La Land' | Date: '2025-12-04' | Time input: '12:00PM' | Time24: '12:00:00'
2025-12-04T15:28:10+01:00 - Movie param: 'Avengers: Endgame' -> resolved to: 'Avengers: Endgame' | Date: '2025-12-04' | Time input: '10:00AM' | Time24: '10:00:00'
2025-12-04T15:30:51+01:00 - SEATS RECEIVED: ["E2"]
2025-12-04T15:30:54+01:00 - Movie param: 'Avengers: Endgame' -> resolved to: 'Avengers: Endgame' | Date: '2025-12-04' | Time input: '1:30PM' | Time24: '13:30:00'
2025-12-04T15:32:34+01:00 - SEATS RECEIVED: ["B4"]
2025-12-04T15:40:35+01:00 - SEATS RECEIVED: ["A3"]
2025-12-04T15:41:51+01:00 - SEATS RECEIVED: ["A3"]
2025-12-04T15:42:18+01:00 - SEATS RECEIVED: ["A3"]
